<?xml version="1.0" encoding="UTF-8"?>
<!-- Generated by org.testng.reporters.JUnitXMLReporter -->
<testsuite ignored="0" hostname="9896fc5e598259c" failures="0" tests="7" name="Default test" time="11.893" errors="0" timestamp="2023-10-09T21:17:53 IST">
  <testcase classname="com.qa.testscripts.FlipKartTestSuite" name="LoginPopupCloseTest" time="0.12"/>
  <testcase classname="com.qa.testscripts.FlipKartTestSuite" name="ProductSearch" time="2.191"/>
  <testcase classname="com.qa.testscripts.FlipKartTestSuite" name="FirstNameLabelTest" time="0.149"/>
  <testcase classname="com.qa.testscripts.FlipKartTestSuite" name="swithToProductTab" time="0.039"/>
  <testcase classname="com.qa.testscripts.FlipKartTestSuite" name="AddToCartTest" time="1.714"/>
  <testcase classname="com.qa.testscripts.FlipKartTestSuite" name="CartButtonTest" time="6.564"/>
  <testcase classname="com.qa.testscripts.FlipKartTestSuite" name="CartAddedTest" time="1.06"/>
</testsuite> <!-- Default test -->
