<?xml version="1.0" encoding="UTF-8"?>
<!-- Generated by org.testng.reporters.JUnitXMLReporter -->
<testsuite ignored="0" hostname="9896fc5e598259c" failures="0" tests="7" name="Test" time="11.985" errors="0" timestamp="2023-10-10T13:38:45 IST">
  <testcase classname="com.qa.testscripts.FlipKartTestSuite" name="LoginPopupCloseTest" time="0.184"/>
  <testcase classname="com.qa.testscripts.FlipKartTestSuite" name="ProductSearch" time="2.25"/>
  <testcase classname="com.qa.testscripts.FlipKartTestSuite" name="FirstNameLabelTest" time="0.152"/>
  <testcase classname="com.qa.testscripts.FlipKartTestSuite" name="swithToProductTab" time="0.04"/>
  <testcase classname="com.qa.testscripts.FlipKartTestSuite" name="AddToCartTest" time="1.724"/>
  <testcase classname="com.qa.testscripts.FlipKartTestSuite" name="CartButtonTest" time="6.506"/>
  <testcase classname="com.qa.testscripts.FlipKartTestSuite" name="CartAddedTest" time="1.058"/>
</testsuite> <!-- Test -->
