<?xml version="1.0" encoding="UTF-8"?>
<testng-results ignored="0" total="7" passed="7" failed="0" skipped="0">
  <reporter-output>
  </reporter-output>
  <suite started-at="2023-10-10T13:38:33 IST" name="Suite" finished-at="2023-10-10T13:38:45 IST" duration-ms="11985">
    <groups>
    </groups>
    <test started-at="2023-10-10T13:38:33 IST" name="Test" finished-at="2023-10-10T13:38:45 IST" duration-ms="11985">
      <class name="com.qa.testscripts.FlipKartTestSuite">
        <test-method is-config="true" signature="initializeDriver()[pri:0, instance:com.qa.testscripts.FlipKartTestSuite@4738a206]" started-at="2023-10-10T13:38:28 IST" name="initializeDriver" finished-at="2023-10-10T13:38:33 IST" duration-ms="4367" status="PASS">
          <reporter-output>
          </reporter-output>
        </test-method> <!-- initializeDriver -->
        <test-method signature="LoginPopupCloseTest()[pri:1, instance:com.qa.testscripts.FlipKartTestSuite@4738a206]" started-at="2023-10-10T13:38:33 IST" name="LoginPopupCloseTest" finished-at="2023-10-10T13:38:33 IST" duration-ms="184" status="PASS">
          <reporter-output>
          </reporter-output>
        </test-method> <!-- LoginPopupCloseTest -->
        <test-method signature="ProductSearch()[pri:2, instance:com.qa.testscripts.FlipKartTestSuite@4738a206]" started-at="2023-10-10T13:38:33 IST" name="ProductSearch" finished-at="2023-10-10T13:38:35 IST" duration-ms="2250" status="PASS">
          <reporter-output>
          </reporter-output>
        </test-method> <!-- ProductSearch -->
        <test-method signature="FirstNameLabelTest()[pri:3, instance:com.qa.testscripts.FlipKartTestSuite@4738a206]" started-at="2023-10-10T13:38:35 IST" name="FirstNameLabelTest" finished-at="2023-10-10T13:38:35 IST" duration-ms="152" status="PASS">
          <reporter-output>
          </reporter-output>
        </test-method> <!-- FirstNameLabelTest -->
        <test-method signature="swithToProductTab()[pri:4, instance:com.qa.testscripts.FlipKartTestSuite@4738a206]" started-at="2023-10-10T13:38:35 IST" name="swithToProductTab" finished-at="2023-10-10T13:38:35 IST" duration-ms="40" status="PASS">
          <reporter-output>
          </reporter-output>
        </test-method> <!-- swithToProductTab -->
        <test-method signature="AddToCartTest()[pri:5, instance:com.qa.testscripts.FlipKartTestSuite@4738a206]" started-at="2023-10-10T13:38:35 IST" name="AddToCartTest" finished-at="2023-10-10T13:38:37 IST" duration-ms="1724" status="PASS">
          <reporter-output>
          </reporter-output>
        </test-method> <!-- AddToCartTest -->
        <test-method signature="CartButtonTest()[pri:6, instance:com.qa.testscripts.FlipKartTestSuite@4738a206]" started-at="2023-10-10T13:38:37 IST" name="CartButtonTest" finished-at="2023-10-10T13:38:44 IST" duration-ms="6506" status="PASS">
          <reporter-output>
          </reporter-output>
        </test-method> <!-- CartButtonTest -->
        <test-method signature="CartAddedTest()[pri:7, instance:com.qa.testscripts.FlipKartTestSuite@4738a206]" started-at="2023-10-10T13:38:44 IST" name="CartAddedTest" finished-at="2023-10-10T13:38:45 IST" duration-ms="1058" status="PASS">
          <reporter-output>
          </reporter-output>
        </test-method> <!-- CartAddedTest -->
        <test-method is-config="true" signature="closeDriver()[pri:0, instance:com.qa.testscripts.FlipKartTestSuite@4738a206]" started-at="2023-10-10T13:38:45 IST" name="closeDriver" finished-at="2023-10-10T13:38:46 IST" duration-ms="793" status="PASS">
          <reporter-output>
          </reporter-output>
        </test-method> <!-- closeDriver -->
      </class> <!-- com.qa.testscripts.FlipKartTestSuite -->
    </test> <!-- Test -->
  </suite> <!-- Suite -->
</testng-results>
